This is pdfTeX, Version 3.141592653-2.6-1.40.27 (MiKTeX 25.4) (preloaded format=pdflatex 2025.5.2)  2 MAY 2025 09:38
entering extended mode
 restricted \write18 enabled.
 %&-line parsing enabled.
**./results.tex
(results.tex
LaTeX2e <2024-11-01> patch level 2
L3 programming layer <2025-03-26>
(C:\Users\sevan\AppData\Local\Programs\MiKTeX\tex/latex/base\article.cls
Document Class: article 2024/06/29 v1.4n Standard LaTeX document class
(C:\Users\sevan\AppData\Local\Programs\MiKTeX\tex/latex/base\size10.clo
File: size10.clo 2024/06/29 v1.4n Standard LaTeX file (size option)
)
\c@part=\count197
\c@section=\count198
\c@subsection=\count199
\c@subsubsection=\count266
\c@paragraph=\count267
\c@subparagraph=\count268
\c@figure=\count269
\c@table=\count270
\abovecaptionskip=\skip49
\belowcaptionskip=\skip50
\bibindent=\dimen146
)
(C:\Users\sevan\AppData\Local\Programs\MiKTeX\tex/latex/booktabs\booktabs.sty
Package: booktabs 2020/01/12 v1.61803398 Publication quality tables
\heavyrulewidth=\dimen147
\lightrulewidth=\dimen148
\cmidrulewidth=\dimen149
\belowrulesep=\dimen150
\belowbottomsep=\dimen151
\aboverulesep=\dimen152
\abovetopsep=\dimen153
\cmidrulesep=\dimen154
\cmidrulekern=\dimen155
\defaultaddspace=\dimen156
\@cmidla=\count271
\@cmidlb=\count272
\@aboverulesep=\dimen157
\@belowrulesep=\dimen158
\@thisruleclass=\count273
\@lastruleclass=\count274
\@thisrulewidth=\dimen159
)
(C:\Users\sevan\AppData\Local\Programs\MiKTeX\tex/latex/graphics\graphicx.sty
Package: graphicx 2021/09/16 v1.2d Enhanced LaTeX Graphics (DPC,SPQR)

(C:\Users\sevan\AppData\Local\Programs\MiKTeX\tex/latex/graphics\keyval.sty
Package: keyval 2022/05/29 v1.15 key=value parser (DPC)
\KV@toks@=\toks17
)
(C:\Users\sevan\AppData\Local\Programs\MiKTeX\tex/latex/graphics\graphics.sty
Package: graphics 2024/08/06 v1.4g Standard LaTeX Graphics (DPC,SPQR)

(C:\Users\sevan\AppData\Local\Programs\MiKTeX\tex/latex/graphics\trig.sty
Package: trig 2023/12/02 v1.11 sin cos tan (DPC)
)
(C:\Users\sevan\AppData\Local\Programs\MiKTeX\tex/latex/graphics-cfg\graphics.c
fg
File: graphics.cfg 2016/06/04 v1.11 sample graphics configuration
)
Package graphics Info: Driver file: pdftex.def on input line 106.

(C:\Users\sevan\AppData\Local\Programs\MiKTeX\tex/latex/graphics-def\pdftex.def
File: pdftex.def 2024/04/13 v1.2c Graphics/color driver for pdftex
))
\Gin@req@height=\dimen160
\Gin@req@width=\dimen161
) (C:\Users\sevan\AppData\Local\Programs\MiKTeX\tex/latex/tools\tabularx.sty
Package: tabularx 2023/12/11 v2.12a `tabularx' package (DPC)

(C:\Users\sevan\AppData\Local\Programs\MiKTeX\tex/latex/tools\array.sty
Package: array 2024/10/17 v2.6g Tabular extension package (FMi)
\col@sep=\dimen162
\ar@mcellbox=\box53
\extrarowheight=\dimen163
\NC@list=\toks18
\extratabsurround=\skip51
\backup@length=\skip52
\ar@cellbox=\box54
)
\TX@col@width=\dimen164
\TX@old@table=\dimen165
\TX@old@col=\dimen166
\TX@target=\dimen167
\TX@delta=\dimen168
\TX@cols=\count275
\TX@ftn=\toks19
)
(C:\Users\sevan\AppData\Local\Programs\MiKTeX\tex/latex/geometry\geometry.sty
Package: geometry 2020/01/02 v5.9 Page Geometry

(C:\Users\sevan\AppData\Local\Programs\MiKTeX\tex/generic/iftex\ifvtex.sty
Package: ifvtex 2019/10/25 v1.7 ifvtex legacy package. Use iftex instead.

(C:\Users\sevan\AppData\Local\Programs\MiKTeX\tex/generic/iftex\iftex.sty
Package: iftex 2024/12/12 v1.0g TeX engine tests
))
\Gm@cnth=\count276
\Gm@cntv=\count277
\c@Gm@tempcnt=\count278
\Gm@bindingoffset=\dimen169
\Gm@wd@mp=\dimen170
\Gm@odd@mp=\dimen171
\Gm@even@mp=\dimen172
\Gm@layoutwidth=\dimen173
\Gm@layoutheight=\dimen174
\Gm@layouthoffset=\dimen175
\Gm@layoutvoffset=\dimen176
\Gm@dimlist=\toks20

(C:\Users\sevan\AppData\Local\Programs\MiKTeX\tex/latex/geometry\geometry.cfg))

(C:\Users\sevan\AppData\Local\Programs\MiKTeX\tex/latex/l3backend\l3backend-pdf
tex.def
File: l3backend-pdftex.def 2025-03-14 L3 backend support: PDF output (pdfTeX)
\l__color_backend_stack_int=\count279
) (results.aux)
\openout1 = `results.aux'.

LaTeX Font Info:    Checking defaults for OML/cmm/m/it on input line 5.
LaTeX Font Info:    ... okay on input line 5.
LaTeX Font Info:    Checking defaults for OMS/cmsy/m/n on input line 5.
LaTeX Font Info:    ... okay on input line 5.
LaTeX Font Info:    Checking defaults for OT1/cmr/m/n on input line 5.
LaTeX Font Info:    ... okay on input line 5.
LaTeX Font Info:    Checking defaults for T1/cmr/m/n on input line 5.
LaTeX Font Info:    ... okay on input line 5.
LaTeX Font Info:    Checking defaults for TS1/cmr/m/n on input line 5.
LaTeX Font Info:    ... okay on input line 5.
LaTeX Font Info:    Checking defaults for OMX/cmex/m/n on input line 5.
LaTeX Font Info:    ... okay on input line 5.
LaTeX Font Info:    Checking defaults for U/cmr/m/n on input line 5.
LaTeX Font Info:    ... okay on input line 5.

(C:\Users\sevan\AppData\Local\Programs\MiKTeX\tex/context/base/mkii\supp-pdf.mk
ii
[Loading MPS to PDF converter (version 2006.09.02).]
\scratchcounter=\count280
\scratchdimen=\dimen177
\scratchbox=\box55
\nofMPsegments=\count281
\nofMParguments=\count282
\everyMPshowfont=\toks21
\MPscratchCnt=\count283
\MPscratchDim=\dimen178
\MPnumerator=\count284
\makeMPintoPDFobject=\count285
\everyMPtoPDFconversion=\toks22
)
(C:\Users\sevan\AppData\Local\Programs\MiKTeX\tex/latex/epstopdf-pkg\epstopdf-b
ase.sty
Package: epstopdf-base 2020-01-24 v2.11 Base part for package epstopdf
Package epstopdf-base Info: Redefining graphics rule for `.eps' on input line 4
85.

(C:\Users\sevan\AppData\Local\Programs\MiKTeX\tex/latex/00miktex\epstopdf-sys.c
fg
File: epstopdf-sys.cfg 2021/03/18 v2.0 Configuration of epstopdf for MiKTeX
))
*geometry* driver: auto-detecting
*geometry* detected driver: pdftex
*geometry* verbose mode - [ preamble ] result:
* driver: pdftex
* paper: <default>
* layout: <same size as paper>
* layoutoffset:(h,v)=(0.0pt,0.0pt)
* modes: 
* h-part:(L,W,R)=(72.26999pt, 469.75502pt, 72.26999pt)
* v-part:(T,H,B)=(72.26999pt, 650.43001pt, 72.26999pt)
* \paperwidth=614.295pt
* \paperheight=794.96999pt
* \textwidth=469.75502pt
* \textheight=650.43001pt
* \oddsidemargin=0.0pt
* \evensidemargin=0.0pt
* \topmargin=-37.0pt
* \headheight=12.0pt
* \headsep=25.0pt
* \topskip=10.0pt
* \footskip=30.0pt
* \marginparwidth=65.0pt
* \marginparsep=11.0pt
* \columnsep=10.0pt
* \skip\footins=9.0pt plus 4.0pt minus 2.0pt
* \hoffset=0.0pt
* \voffset=0.0pt
* \mag=1000
* \@twocolumnfalse
* \@twosidefalse
* \@mparswitchfalse
* \@reversemarginfalse
* (1in=72.27pt=25.4mm, 1cm=28.453pt)


Overfull \hbox (10.21689pt too wide) in paragraph at lines 40--40
 []|\OT1/cmr/m/n/10 IV+Heckit| 
 []


Overfull \hbox (1.05025pt too wide) in paragraph at lines 40--40
 []|\OT1/cmr/m/n/10 0.084***| 
 []


Overfull \hbox (1.05025pt too wide) in paragraph at lines 40--40
 []|\OT1/cmr/m/n/10 0.081***| 
 []


Overfull \hbox (1.05025pt too wide) in paragraph at lines 40--40
 []|\OT1/cmr/m/n/10 0.131***| 
 []


Overfull \hbox (1.05025pt too wide) in paragraph at lines 40--40
 []|\OT1/cmr/m/n/10 0.118***| 
 []


Overfull \hbox (1.05025pt too wide) in paragraph at lines 40--40
 []|\OT1/cmr/m/n/10 0.071***| 
 []


Overfull \hbox (1.05025pt too wide) in paragraph at lines 40--40
 []|\OT1/cmr/m/n/10 0.097***| 
 []


Overfull \hbox (1.05025pt too wide) in paragraph at lines 40--40
 []|\OT1/cmr/m/n/10 0.031***| 
 []


Overfull \hbox (1.05025pt too wide) in paragraph at lines 40--40
 []|\OT1/cmr/m/n/10 0.029***| 
 []


Overfull \hbox (1.05025pt too wide) in paragraph at lines 40--40
 []|\OT1/cmr/m/n/10 0.016***| 
 []


Overfull \hbox (1.05025pt too wide) in paragraph at lines 40--40
 []|\OT1/cmr/m/n/10 0.019***| 
 []


Overfull \hbox (1.05025pt too wide) in paragraph at lines 40--40
 []|\OT1/cmr/m/n/10 0.031***| 
 []


Overfull \hbox (1.05025pt too wide) in paragraph at lines 40--40
 []|\OT1/cmr/m/n/10 0.028***| 
 []


Overfull \hbox (1.05025pt too wide) in paragraph at lines 40--40
 []|\OT1/cmr/m/n/10 0.001***| 
 []


Overfull \hbox (1.05025pt too wide) in paragraph at lines 40--40
 \OT1/cmr/m/n/10 0.137***| 
 []


Overfull \hbox (1.05025pt too wide) in paragraph at lines 40--40
 \OT1/cmr/m/n/10 0.117***| 
 []


Overfull \hbox (1.05025pt too wide) in paragraph at lines 40--40
 \OT1/cmr/m/n/10 0.122***| 
 []


Overfull \hbox (1.05025pt too wide) in paragraph at lines 40--40
 \OT1/cmr/m/n/10 0.133***| 
 []


Overfull \hbox (1.05025pt too wide) in paragraph at lines 40--40
 \OT1/cmr/m/n/10 0.121***| 
 []


Overfull \hbox (1.05025pt too wide) in paragraph at lines 40--40
 \OT1/cmr/m/n/10 0.017***| 
 []


Overfull \hbox (1.05025pt too wide) in paragraph at lines 40--40
 \OT1/cmr/m/n/10 0.056***| 
 []


Overfull \hbox (1.05025pt too wide) in paragraph at lines 40--40
 \OT1/cmr/m/n/10 0.046***| 
 []


Overfull \hbox (1.05025pt too wide) in paragraph at lines 40--40
 []|\OT1/cmr/m/n/10 1.352***| 
 []


Overfull \hbox (1.05025pt too wide) in paragraph at lines 40--40
 []|\OT1/cmr/m/n/10 1.540***| 
 []


Overfull \hbox (1.05025pt too wide) in paragraph at lines 40--40
 []|\OT1/cmr/m/n/10 0.848***| 
 []


Overfull \hbox (1.05025pt too wide) in paragraph at lines 40--40
 []|\OT1/cmr/m/n/10 1.021***| 
 []


Overfull \hbox (1.05025pt too wide) in paragraph at lines 40--40
 []|\OT1/cmr/m/n/10 1.579***| 
 []


Overfull \hbox (1.05025pt too wide) in paragraph at lines 40--40
 []|\OT1/cmr/m/n/10 1.200***| 
 []



[1{C:/Users/sevan/AppData/Local/MiKTeX/fonts/map/pdftex/pdftex.map}]
(results.aux)
 ***********
LaTeX2e <2024-11-01> patch level 2
L3 programming layer <2025-03-26>
 ***********
 ) 
Here is how much of TeX's memory you used:
 2030 strings out of 469959
 33216 string characters out of 5469835
 452121 words of memory out of 5000000
 28846 multiletter control sequences out of 15000+600000
 626825 words of font info for 40 fonts, out of 8000000 for 9000
 1141 hyphenation exceptions out of 8191
 57i,12n,65p,207b,315s stack positions out of 10000i,1000n,20000p,200000b,200000s
<C:/Users/sevan/AppData/Local/Programs/MiKTeX/fonts/type1/public/amsfonts/cm/
cmmi10.pfb><C:/Users/sevan/AppData/Local/Programs/MiKTeX/fonts/type1/public/ams
fonts/cm/cmr10.pfb>
Output written on results.pdf (1 page, 32762 bytes).
PDF statistics:
 16 PDF objects out of 1000 (max. 8388607)
 0 named destinations out of 1000 (max. 500000)
 1 words of extra memory for PDF output out of 10000 (max. 10000000)

